<?xml version="1.0" encoding="UTF-8"?>
<!-- Generated by org.testng.reporters.JUnitReportReporter -->
<testsuite skipped="0" hostname="Saroj" name="test_cases.TestRunner" tests="1" failures="0" timestamp="01 Sep 2018 19:03:24 GMT" time="14.074" errors="0">
  <testcase name="testLogin" time="14.074" classname="test_cases.TestRunner"/>
</testsuite> <!-- test_cases.TestRunner -->
